<?xml version="1.0" encoding="UTF-8"?>
<!DOCTYPE html PUBLIC "-//W3C//DTD XHTML 1.0 Strict//EN" "http://www.w3.org/TR/xhtml1/DTD/xhtml1-strict.dtd">
<html xmlns="http://www.w3.org/1999/xhtml">
<head>
    <title>Unit Test Report</title>
    <meta name="generator" content="HTMLTestRunner 0.8.2"/>
    <meta http-equiv="Content-Type" content="text/html; charset=UTF-8"/>
    
<style type="text/css" media="screen">
body        { font-family: verdana, arial, helvetica, sans-serif; font-size: 80%; }
table       { font-size: 100%; }
pre         { }

/* -- heading ---------------------------------------------------------------------- */
h1 {
	font-size: 16pt;
	color: gray;
}
.heading {
    margin-top: 0ex;
    margin-bottom: 1ex;
}

.heading .attribute {
    margin-top: 1ex;
    margin-bottom: 0;
}

.heading .description {
    margin-top: 4ex;
    margin-bottom: 6ex;
}

/* -- css div popup ------------------------------------------------------------------------ */
a.popup_link {
}

a.popup_link:hover {
    color: red;
}

.popup_window {
    display: none;
    position: relative;
    left: 0px;
    top: 0px;
    /*border: solid #627173 1px; */
    padding: 10px;
    background-color: #E6E6D6;
    font-family: "Lucida Console", "Courier New", Courier, monospace;
    text-align: left;
    font-size: 8pt;
    width: 500px;
}

}
/* -- report ------------------------------------------------------------------------ */
#show_detail_line {
    margin-top: 3ex;
    margin-bottom: 1ex;
}
#result_table {
    width: 80%;
    border-collapse: collapse;
    border: 1px solid #777;
}
#header_row {
    font-weight: bold;
    color: white;
    background-color: #777;
}
#result_table td {
    border: 1px solid #777;
    padding: 2px;
}
#total_row  { font-weight: bold; }
.passClass  { background-color: #6c6; }
.failClass  { background-color: #c60; }
.errorClass { background-color: #c00; }
.passCase   { color: #6c6; }
.failCase   { color: #c60; font-weight: bold; }
.errorCase  { color: #c00; font-weight: bold; }
.hiddenRow  { display: none; }
.testcase   { margin-left: 2em; }


/* -- ending ---------------------------------------------------------------------- */
#ending {
}

</style>

</head>
<body>
<script language="javascript" type="text/javascript"><!--
output_list = Array();

/* level - 0:Summary; 1:Failed; 2:All */
function showCase(level) {
    trs = document.getElementsByTagName("tr");
    for (var i = 0; i < trs.length; i++) {
        tr = trs[i];
        id = tr.id;
        if (id.substr(0,2) == 'ft') {
            if (level < 1) {
                tr.className = 'hiddenRow';
            }
            else {
                tr.className = '';
            }
        }
        if (id.substr(0,2) == 'pt') {
            if (level > 1) {
                tr.className = '';
            }
            else {
                tr.className = 'hiddenRow';
            }
        }
    }
}


function showClassDetail(cid, count) {
    var id_list = Array(count);
    var toHide = 1;
    for (var i = 0; i < count; i++) {
        tid0 = 't' + cid.substr(1) + '.' + (i+1);
        tid = 'f' + tid0;
        tr = document.getElementById(tid);
        if (!tr) {
            tid = 'p' + tid0;
            tr = document.getElementById(tid);
        }
        id_list[i] = tid;
        if (tr.className) {
            toHide = 0;
        }
    }
    for (var i = 0; i < count; i++) {
        tid = id_list[i];
        if (toHide) {
            document.getElementById('div_'+tid).style.display = 'none'
            document.getElementById(tid).className = 'hiddenRow';
        }
        else {
            document.getElementById(tid).className = '';
        }
    }
}


function showTestDetail(div_id){
    var details_div = document.getElementById(div_id)
    var displayState = details_div.style.display
    // alert(displayState)
    if (displayState != 'block' ) {
        displayState = 'block'
        details_div.style.display = 'block'
    }
    else {
        details_div.style.display = 'none'
    }
}


function html_escape(s) {
    s = s.replace(/&/g,'&amp;');
    s = s.replace(/</g,'&lt;');
    s = s.replace(/>/g,'&gt;');
    return s;
}

/* obsoleted by detail in <div>
function showOutput(id, name) {
    var w = window.open("", //url
                    name,
                    "resizable,scrollbars,status,width=800,height=450");
    d = w.document;
    d.write("<pre>");
    d.write(html_escape(output_list[id]));
    d.write("\n");
    d.write("<a href='javascript:window.close()'>close</a>\n");
    d.write("</pre>\n");
    d.close();
}
*/
--></script>

<div class='heading'>
<h1>Unit Test Report</h1>
<p class='attribute'><strong>Start Time:</strong> 2020-04-27 21:46:01</p>
<p class='attribute'><strong>Duration:</strong> 0:38:33.401128</p>
<p class='attribute'><strong>Status:</strong> Pass 34 Failure 21 Error 5</p>

<p class='description'></p>
</div>



<p id='show_detail_line'>Show
<a href='javascript:showCase(0)'>Summary</a>
<a href='javascript:showCase(1)'>Failed</a>
<a href='javascript:showCase(2)'>All</a>
</p>
<table id='result_table'>
<colgroup>
<col align='left' />
<col align='right' />
<col align='right' />
<col align='right' />
<col align='right' />
<col align='right' />
</colgroup>
<tr id='header_row'>
    <td>Test Group/Test case</td>
    <td>Count</td>
    <td>Pass</td>
    <td>Fail</td>
    <td>Error</td>
    <td>View</td>
</tr>

<tr class='errorClass'>
    <td>woniubossUIDDT.bin.systemtest.userTest</td>
    <td>60</td>
    <td>34</td>
    <td>21</td>
    <td>5</td>
    <td><a href="javascript:showClassDetail('c1',60)">Detail</a></td>
</tr>

<tr id='ft1.1' class='none'>
    <td class='failCase'><div class='testcase'>test_add_0_null</div></td>
    <td colspan='5' align='center'>

    <!--css div popup start-->
    <a class="popup_link" onfocus='this.blur();' href="javascript:showTestDetail('div_ft1.1')" >
        fail</a>

    <div id='div_ft1.1' class="popup_window">
        <div style='text-align: right; color:red;cursor:pointer'>
        <a onfocus='this.blur();' onclick="document.getElementById('div_ft1.1').style.display = 'none' " >
           [x]</a>
        </div>
        <pre>
        
ft1.1: Traceback (most recent call last):
  File "C:\python 3.7\lib\site-packages\parameterized\parameterized.py", line 518, in standalone_func
    return func(*(a + p.args), **p.kwargs)
  File "C:\Users\Administrator\PycharmProjects\woniuboss4.0\woniubossUIDDT\bin\systemtest.py", line 120, in test_add
    self.assertEqual(actual,expect)
AssertionError: 'add ok' != 'add fail'
- add ok
+ add fail

Traceback (most recent call last):
  File "C:\python 3.7\lib\site-packages\parameterized\parameterized.py", line 518, in standalone_func
    return func(*(a + p.args), **p.kwargs)
  File "C:\Users\Administrator\PycharmProjects\woniuboss4.0\woniubossUIDDT\bin\systemtest.py", line 120, in test_add
    self.assertEqual(actual,expect)
AssertionError: 'add ok' != 'add fail'
- add ok
+ add fail



        </pre>
    </div>
    <!--css div popup end-->

    </td>
</tr>

<tr id='ft1.2' class='none'>
    <td class='failCase'><div class='testcase'>test_add_1__br_</div></td>
    <td colspan='5' align='center'>

    <!--css div popup start-->
    <a class="popup_link" onfocus='this.blur();' href="javascript:showTestDetail('div_ft1.2')" >
        fail</a>

    <div id='div_ft1.2' class="popup_window">
        <div style='text-align: right; color:red;cursor:pointer'>
        <a onfocus='this.blur();' onclick="document.getElementById('div_ft1.2').style.display = 'none' " >
           [x]</a>
        </div>
        <pre>
        
ft1.2: Traceback (most recent call last):
  File "C:\python 3.7\lib\site-packages\parameterized\parameterized.py", line 518, in standalone_func
    return func(*(a + p.args), **p.kwargs)
  File "C:\Users\Administrator\PycharmProjects\woniuboss4.0\woniubossUIDDT\bin\systemtest.py", line 120, in test_add
    self.assertEqual(actual,expect)
AssertionError: 'add ok' != 'add fail'
- add ok
+ add fail

Traceback (most recent call last):
  File "C:\python 3.7\lib\site-packages\parameterized\parameterized.py", line 518, in standalone_func
    return func(*(a + p.args), **p.kwargs)
  File "C:\Users\Administrator\PycharmProjects\woniuboss4.0\woniubossUIDDT\bin\systemtest.py", line 120, in test_add
    self.assertEqual(actual,expect)
AssertionError: 'add ok' != 'add fail'
- add ok
+ add fail



        </pre>
    </div>
    <!--css div popup end-->

    </td>
</tr>

<tr id='pt1.3' class='hiddenRow'>
    <td class='none'><div class='testcase'>test_add_2__</div></td>
    <td colspan='5' align='center'>pass</td>
</tr>

<tr id='ft1.4' class='none'>
    <td class='failCase'><div class='testcase'>test_add_3_</div></td>
    <td colspan='5' align='center'>

    <!--css div popup start-->
    <a class="popup_link" onfocus='this.blur();' href="javascript:showTestDetail('div_ft1.4')" >
        fail</a>

    <div id='div_ft1.4' class="popup_window">
        <div style='text-align: right; color:red;cursor:pointer'>
        <a onfocus='this.blur();' onclick="document.getElementById('div_ft1.4').style.display = 'none' " >
           [x]</a>
        </div>
        <pre>
        
ft1.4: Traceback (most recent call last):
  File "C:\python 3.7\lib\site-packages\parameterized\parameterized.py", line 518, in standalone_func
    return func(*(a + p.args), **p.kwargs)
  File "C:\Users\Administrator\PycharmProjects\woniuboss4.0\woniubossUIDDT\bin\systemtest.py", line 120, in test_add
    self.assertEqual(actual,expect)
AssertionError: 'add ok' != 'add fail'
- add ok
+ add fail

Traceback (most recent call last):
  File "C:\python 3.7\lib\site-packages\parameterized\parameterized.py", line 518, in standalone_func
    return func(*(a + p.args), **p.kwargs)
  File "C:\Users\Administrator\PycharmProjects\woniuboss4.0\woniubossUIDDT\bin\systemtest.py", line 120, in test_add
    self.assertEqual(actual,expect)
AssertionError: 'add ok' != 'add fail'
- add ok
+ add fail



        </pre>
    </div>
    <!--css div popup end-->

    </td>
</tr>

<tr id='ft1.5' class='none'>
    <td class='failCase'><div class='testcase'>test_add_4__</div></td>
    <td colspan='5' align='center'>

    <!--css div popup start-->
    <a class="popup_link" onfocus='this.blur();' href="javascript:showTestDetail('div_ft1.5')" >
        fail</a>

    <div id='div_ft1.5' class="popup_window">
        <div style='text-align: right; color:red;cursor:pointer'>
        <a onfocus='this.blur();' onclick="document.getElementById('div_ft1.5').style.display = 'none' " >
           [x]</a>
        </div>
        <pre>
        
ft1.5: Traceback (most recent call last):
  File "C:\python 3.7\lib\site-packages\parameterized\parameterized.py", line 518, in standalone_func
    return func(*(a + p.args), **p.kwargs)
  File "C:\Users\Administrator\PycharmProjects\woniuboss4.0\woniubossUIDDT\bin\systemtest.py", line 120, in test_add
    self.assertEqual(actual,expect)
AssertionError: 'add ok' != 'add fail'
- add ok
+ add fail

Traceback (most recent call last):
  File "C:\python 3.7\lib\site-packages\parameterized\parameterized.py", line 518, in standalone_func
    return func(*(a + p.args), **p.kwargs)
  File "C:\Users\Administrator\PycharmProjects\woniuboss4.0\woniubossUIDDT\bin\systemtest.py", line 120, in test_add
    self.assertEqual(actual,expect)
AssertionError: 'add ok' != 'add fail'
- add ok
+ add fail



        </pre>
    </div>
    <!--css div popup end-->

    </td>
</tr>

<tr id='pt1.6' class='hiddenRow'>
    <td class='none'><div class='testcase'>test_detal_0__</div></td>
    <td colspan='5' align='center'>pass</td>
</tr>

<tr id='pt1.7' class='hiddenRow'>
    <td class='none'><div class='testcase'>test_detal_1__</div></td>
    <td colspan='5' align='center'>pass</td>
</tr>

<tr id='pt1.8' class='hiddenRow'>
    <td class='none'><div class='testcase'>test_detal_2__</div></td>
    <td colspan='5' align='center'>pass</td>
</tr>

<tr id='pt1.9' class='hiddenRow'>
    <td class='none'><div class='testcase'>test_dict_0_</div></td>
    <td colspan='5' align='center'>pass</td>
</tr>

<tr id='pt1.10' class='hiddenRow'>
    <td class='none'><div class='testcase'>test_dict_1__br_</div></td>
    <td colspan='5' align='center'>pass</td>
</tr>

<tr id='ft1.11' class='none'>
    <td class='errorCase'><div class='testcase'>test_dict_2_Null</div></td>
    <td colspan='5' align='center'>

    <!--css div popup start-->
    <a class="popup_link" onfocus='this.blur();' href="javascript:showTestDetail('div_ft1.11')" >
        error</a>

    <div id='div_ft1.11' class="popup_window">
        <div style='text-align: right; color:red;cursor:pointer'>
        <a onfocus='this.blur();' onclick="document.getElementById('div_ft1.11').style.display = 'none' " >
           [x]</a>
        </div>
        <pre>
        
ft1.11: Traceback (most recent call last):
  File "C:\python 3.7\lib\site-packages\parameterized\parameterized.py", line 518, in standalone_func
    return func(*(a + p.args), **p.kwargs)
  File "C:\Users\Administrator\PycharmProjects\woniuboss4.0\woniubossUIDDT\bin\systemtest.py", line 160, in test_dict
    Use_manage().do_dict_query(self.driver, dict_info)
  File "C:\Users\Administrator\PycharmProjects\woniuboss4.0\woniubossUIDDT\lib\system_manage.py", line 244, in do_dict_query
    self.click_system(driver)
  File "C:\Users\Administrator\PycharmProjects\woniuboss4.0\woniubossUIDDT\lib\system_manage.py", line 13, in click_system
    ele = driver.find_element_by_partial_link_text('系统管理')
  File "C:\python 3.7\lib\site-packages\selenium\webdriver\remote\webdriver.py", line 462, in find_element_by_partial_link_text
    return self.find_element(by=By.PARTIAL_LINK_TEXT, value=link_text)
  File "C:\python 3.7\lib\site-packages\selenium\webdriver\remote\webdriver.py", line 978, in find_element
    'value': value})['value']
  File "C:\python 3.7\lib\site-packages\selenium\webdriver\remote\webdriver.py", line 321, in execute
    self.error_handler.check_response(response)
  File "C:\python 3.7\lib\site-packages\selenium\webdriver\remote\errorhandler.py", line 242, in check_response
    raise exception_class(message, screen, stacktrace)
selenium.common.exceptions.NoSuchElementException: Message: Unable to locate element: 系统管理

Traceback (most recent call last):
  File "C:\python 3.7\lib\site-packages\parameterized\parameterized.py", line 518, in standalone_func
    return func(*(a + p.args), **p.kwargs)
  File "C:\Users\Administrator\PycharmProjects\woniuboss4.0\woniubossUIDDT\bin\systemtest.py", line 160, in test_dict
    Use_manage().do_dict_query(self.driver, dict_info)
  File "C:\Users\Administrator\PycharmProjects\woniuboss4.0\woniubossUIDDT\lib\system_manage.py", line 244, in do_dict_query
    self.click_system(driver)
  File "C:\Users\Administrator\PycharmProjects\woniuboss4.0\woniubossUIDDT\lib\system_manage.py", line 13, in click_system
    ele = driver.find_element_by_partial_link_text('系统管理')
  File "C:\python 3.7\lib\site-packages\selenium\webdriver\remote\webdriver.py", line 462, in find_element_by_partial_link_text
    return self.find_element(by=By.PARTIAL_LINK_TEXT, value=link_text)
  File "C:\python 3.7\lib\site-packages\selenium\webdriver\remote\webdriver.py", line 978, in find_element
    'value': value})['value']
  File "C:\python 3.7\lib\site-packages\selenium\webdriver\remote\webdriver.py", line 321, in execute
    self.error_handler.check_response(response)
  File "C:\python 3.7\lib\site-packages\selenium\webdriver\remote\errorhandler.py", line 242, in check_response
    raise exception_class(message, screen, stacktrace)
selenium.common.exceptions.NoSuchElementException: Message: Unable to locate element: 系统管理



        </pre>
    </div>
    <!--css div popup end-->

    </td>
</tr>

<tr id='pt1.12' class='hiddenRow'>
    <td class='none'><div class='testcase'>test_dict_3__</div></td>
    <td colspan='5' align='center'>pass</td>
</tr>

<tr id='pt1.13' class='hiddenRow'>
    <td class='none'><div class='testcase'>test_dict_4__</div></td>
    <td colspan='5' align='center'>pass</td>
</tr>

<tr id='pt1.14' class='hiddenRow'>
    <td class='none'><div class='testcase'>test_dict_5__</div></td>
    <td colspan='5' align='center'>pass</td>
</tr>

<tr id='ft1.15' class='none'>
    <td class='errorCase'><div class='testcase'>test_dict_add_0_05</div></td>
    <td colspan='5' align='center'>

    <!--css div popup start-->
    <a class="popup_link" onfocus='this.blur();' href="javascript:showTestDetail('div_ft1.15')" >
        error</a>

    <div id='div_ft1.15' class="popup_window">
        <div style='text-align: right; color:red;cursor:pointer'>
        <a onfocus='this.blur();' onclick="document.getElementById('div_ft1.15').style.display = 'none' " >
           [x]</a>
        </div>
        <pre>
        
ft1.15: Traceback (most recent call last):
  File "C:\python 3.7\lib\site-packages\parameterized\parameterized.py", line 518, in standalone_func
    return func(*(a + p.args), **p.kwargs)
  File "C:\Users\Administrator\PycharmProjects\woniuboss4.0\woniubossUIDDT\bin\systemtest.py", line 184, in test_dict_add
    Use_manage().do_dict_add(self.driver, dict_add_info)
  File "C:\Users\Administrator\PycharmProjects\woniuboss4.0\woniubossUIDDT\lib\system_manage.py", line 282, in do_dict_add
    self.click_system(driver)
  File "C:\Users\Administrator\PycharmProjects\woniuboss4.0\woniubossUIDDT\lib\system_manage.py", line 13, in click_system
    ele = driver.find_element_by_partial_link_text('系统管理')
  File "C:\python 3.7\lib\site-packages\selenium\webdriver\remote\webdriver.py", line 462, in find_element_by_partial_link_text
    return self.find_element(by=By.PARTIAL_LINK_TEXT, value=link_text)
  File "C:\python 3.7\lib\site-packages\selenium\webdriver\remote\webdriver.py", line 978, in find_element
    'value': value})['value']
  File "C:\python 3.7\lib\site-packages\selenium\webdriver\remote\webdriver.py", line 321, in execute
    self.error_handler.check_response(response)
  File "C:\python 3.7\lib\site-packages\selenium\webdriver\remote\errorhandler.py", line 242, in check_response
    raise exception_class(message, screen, stacktrace)
selenium.common.exceptions.NoSuchElementException: Message: Unable to locate element: 系统管理

Traceback (most recent call last):
  File "C:\python 3.7\lib\site-packages\parameterized\parameterized.py", line 518, in standalone_func
    return func(*(a + p.args), **p.kwargs)
  File "C:\Users\Administrator\PycharmProjects\woniuboss4.0\woniubossUIDDT\bin\systemtest.py", line 184, in test_dict_add
    Use_manage().do_dict_add(self.driver, dict_add_info)
  File "C:\Users\Administrator\PycharmProjects\woniuboss4.0\woniubossUIDDT\lib\system_manage.py", line 282, in do_dict_add
    self.click_system(driver)
  File "C:\Users\Administrator\PycharmProjects\woniuboss4.0\woniubossUIDDT\lib\system_manage.py", line 13, in click_system
    ele = driver.find_element_by_partial_link_text('系统管理')
  File "C:\python 3.7\lib\site-packages\selenium\webdriver\remote\webdriver.py", line 462, in find_element_by_partial_link_text
    return self.find_element(by=By.PARTIAL_LINK_TEXT, value=link_text)
  File "C:\python 3.7\lib\site-packages\selenium\webdriver\remote\webdriver.py", line 978, in find_element
    'value': value})['value']
  File "C:\python 3.7\lib\site-packages\selenium\webdriver\remote\webdriver.py", line 321, in execute
    self.error_handler.check_response(response)
  File "C:\python 3.7\lib\site-packages\selenium\webdriver\remote\errorhandler.py", line 242, in check_response
    raise exception_class(message, screen, stacktrace)
selenium.common.exceptions.NoSuchElementException: Message: Unable to locate element: 系统管理



        </pre>
    </div>
    <!--css div popup end-->

    </td>
</tr>

<tr id='ft1.16' class='none'>
    <td class='failCase'><div class='testcase'>test_dict_add_1_05</div></td>
    <td colspan='5' align='center'>

    <!--css div popup start-->
    <a class="popup_link" onfocus='this.blur();' href="javascript:showTestDetail('div_ft1.16')" >
        fail</a>

    <div id='div_ft1.16' class="popup_window">
        <div style='text-align: right; color:red;cursor:pointer'>
        <a onfocus='this.blur();' onclick="document.getElementById('div_ft1.16').style.display = 'none' " >
           [x]</a>
        </div>
        <pre>
        
ft1.16: Traceback (most recent call last):
  File "C:\python 3.7\lib\site-packages\parameterized\parameterized.py", line 518, in standalone_func
    return func(*(a + p.args), **p.kwargs)
  File "C:\Users\Administrator\PycharmProjects\woniuboss4.0\woniubossUIDDT\bin\systemtest.py", line 191, in test_dict_add
    self.assertEqual(actual, expect)
AssertionError: 'add ok' != 'add fail'
- add ok
+ add fail

Traceback (most recent call last):
  File "C:\python 3.7\lib\site-packages\parameterized\parameterized.py", line 518, in standalone_func
    return func(*(a + p.args), **p.kwargs)
  File "C:\Users\Administrator\PycharmProjects\woniuboss4.0\woniubossUIDDT\bin\systemtest.py", line 191, in test_dict_add
    self.assertEqual(actual, expect)
AssertionError: 'add ok' != 'add fail'
- add ok
+ add fail



        </pre>
    </div>
    <!--css div popup end-->

    </td>
</tr>

<tr id='ft1.17' class='none'>
    <td class='failCase'><div class='testcase'>test_dict_add_2_06</div></td>
    <td colspan='5' align='center'>

    <!--css div popup start-->
    <a class="popup_link" onfocus='this.blur();' href="javascript:showTestDetail('div_ft1.17')" >
        fail</a>

    <div id='div_ft1.17' class="popup_window">
        <div style='text-align: right; color:red;cursor:pointer'>
        <a onfocus='this.blur();' onclick="document.getElementById('div_ft1.17').style.display = 'none' " >
           [x]</a>
        </div>
        <pre>
        
ft1.17: Traceback (most recent call last):
  File "C:\python 3.7\lib\site-packages\parameterized\parameterized.py", line 518, in standalone_func
    return func(*(a + p.args), **p.kwargs)
  File "C:\Users\Administrator\PycharmProjects\woniuboss4.0\woniubossUIDDT\bin\systemtest.py", line 191, in test_dict_add
    self.assertEqual(actual, expect)
AssertionError: 'add ok' != 'add fail'
- add ok
+ add fail

Traceback (most recent call last):
  File "C:\python 3.7\lib\site-packages\parameterized\parameterized.py", line 518, in standalone_func
    return func(*(a + p.args), **p.kwargs)
  File "C:\Users\Administrator\PycharmProjects\woniuboss4.0\woniubossUIDDT\bin\systemtest.py", line 191, in test_dict_add
    self.assertEqual(actual, expect)
AssertionError: 'add ok' != 'add fail'
- add ok
+ add fail



        </pre>
    </div>
    <!--css div popup end-->

    </td>
</tr>

<tr id='ft1.18' class='none'>
    <td class='failCase'><div class='testcase'>test_dict_add_3_</div></td>
    <td colspan='5' align='center'>

    <!--css div popup start-->
    <a class="popup_link" onfocus='this.blur();' href="javascript:showTestDetail('div_ft1.18')" >
        fail</a>

    <div id='div_ft1.18' class="popup_window">
        <div style='text-align: right; color:red;cursor:pointer'>
        <a onfocus='this.blur();' onclick="document.getElementById('div_ft1.18').style.display = 'none' " >
           [x]</a>
        </div>
        <pre>
        
ft1.18: Traceback (most recent call last):
  File "C:\python 3.7\lib\site-packages\parameterized\parameterized.py", line 518, in standalone_func
    return func(*(a + p.args), **p.kwargs)
  File "C:\Users\Administrator\PycharmProjects\woniuboss4.0\woniubossUIDDT\bin\systemtest.py", line 191, in test_dict_add
    self.assertEqual(actual, expect)
AssertionError: 'add ok' != 'add fail'
- add ok
+ add fail

Traceback (most recent call last):
  File "C:\python 3.7\lib\site-packages\parameterized\parameterized.py", line 518, in standalone_func
    return func(*(a + p.args), **p.kwargs)
  File "C:\Users\Administrator\PycharmProjects\woniuboss4.0\woniubossUIDDT\bin\systemtest.py", line 191, in test_dict_add
    self.assertEqual(actual, expect)
AssertionError: 'add ok' != 'add fail'
- add ok
+ add fail



        </pre>
    </div>
    <!--css div popup end-->

    </td>
</tr>

<tr id='ft1.19' class='none'>
    <td class='failCase'><div class='testcase'>test_dict_add_4_06</div></td>
    <td colspan='5' align='center'>

    <!--css div popup start-->
    <a class="popup_link" onfocus='this.blur();' href="javascript:showTestDetail('div_ft1.19')" >
        fail</a>

    <div id='div_ft1.19' class="popup_window">
        <div style='text-align: right; color:red;cursor:pointer'>
        <a onfocus='this.blur();' onclick="document.getElementById('div_ft1.19').style.display = 'none' " >
           [x]</a>
        </div>
        <pre>
        
ft1.19: Traceback (most recent call last):
  File "C:\python 3.7\lib\site-packages\parameterized\parameterized.py", line 518, in standalone_func
    return func(*(a + p.args), **p.kwargs)
  File "C:\Users\Administrator\PycharmProjects\woniuboss4.0\woniubossUIDDT\bin\systemtest.py", line 191, in test_dict_add
    self.assertEqual(actual, expect)
AssertionError: 'add ok' != 'add fail'
- add ok
+ add fail

Traceback (most recent call last):
  File "C:\python 3.7\lib\site-packages\parameterized\parameterized.py", line 518, in standalone_func
    return func(*(a + p.args), **p.kwargs)
  File "C:\Users\Administrator\PycharmProjects\woniuboss4.0\woniubossUIDDT\bin\systemtest.py", line 191, in test_dict_add
    self.assertEqual(actual, expect)
AssertionError: 'add ok' != 'add fail'
- add ok
+ add fail



        </pre>
    </div>
    <!--css div popup end-->

    </td>
</tr>

<tr id='pt1.20' class='hiddenRow'>
    <td class='none'><div class='testcase'>test_dict_add_5_06</div></td>
    <td colspan='5' align='center'>pass</td>
</tr>

<tr id='pt1.21' class='hiddenRow'>
    <td class='none'><div class='testcase'>test_dict_add_6_06</div></td>
    <td colspan='5' align='center'>pass</td>
</tr>

<tr id='ft1.22' class='none'>
    <td class='failCase'><div class='testcase'>test_dict_add_7_06</div></td>
    <td colspan='5' align='center'>

    <!--css div popup start-->
    <a class="popup_link" onfocus='this.blur();' href="javascript:showTestDetail('div_ft1.22')" >
        fail</a>

    <div id='div_ft1.22' class="popup_window">
        <div style='text-align: right; color:red;cursor:pointer'>
        <a onfocus='this.blur();' onclick="document.getElementById('div_ft1.22').style.display = 'none' " >
           [x]</a>
        </div>
        <pre>
        
ft1.22: Traceback (most recent call last):
  File "C:\python 3.7\lib\site-packages\parameterized\parameterized.py", line 518, in standalone_func
    return func(*(a + p.args), **p.kwargs)
  File "C:\Users\Administrator\PycharmProjects\woniuboss4.0\woniubossUIDDT\bin\systemtest.py", line 191, in test_dict_add
    self.assertEqual(actual, expect)
AssertionError: 'add ok' != 'add fail'
- add ok
+ add fail

Traceback (most recent call last):
  File "C:\python 3.7\lib\site-packages\parameterized\parameterized.py", line 518, in standalone_func
    return func(*(a + p.args), **p.kwargs)
  File "C:\Users\Administrator\PycharmProjects\woniuboss4.0\woniubossUIDDT\bin\systemtest.py", line 191, in test_dict_add
    self.assertEqual(actual, expect)
AssertionError: 'add ok' != 'add fail'
- add ok
+ add fail



        </pre>
    </div>
    <!--css div popup end-->

    </td>
</tr>

<tr id='ft1.23' class='none'>
    <td class='failCase'><div class='testcase'>test_dict_edit_0_</div></td>
    <td colspan='5' align='center'>

    <!--css div popup start-->
    <a class="popup_link" onfocus='this.blur();' href="javascript:showTestDetail('div_ft1.23')" >
        fail</a>

    <div id='div_ft1.23' class="popup_window">
        <div style='text-align: right; color:red;cursor:pointer'>
        <a onfocus='this.blur();' onclick="document.getElementById('div_ft1.23').style.display = 'none' " >
           [x]</a>
        </div>
        <pre>
        
ft1.23: Traceback (most recent call last):
  File "C:\python 3.7\lib\site-packages\parameterized\parameterized.py", line 518, in standalone_func
    return func(*(a + p.args), **p.kwargs)
  File "C:\Users\Administrator\PycharmProjects\woniuboss4.0\woniubossUIDDT\bin\systemtest.py", line 202, in test_dict_edit
    self.assertEqual(actual, expect)
AssertionError: 'edit ok' != 'edit fail'
- edit ok
+ edit fail

Traceback (most recent call last):
  File "C:\python 3.7\lib\site-packages\parameterized\parameterized.py", line 518, in standalone_func
    return func(*(a + p.args), **p.kwargs)
  File "C:\Users\Administrator\PycharmProjects\woniuboss4.0\woniubossUIDDT\bin\systemtest.py", line 202, in test_dict_edit
    self.assertEqual(actual, expect)
AssertionError: 'edit ok' != 'edit fail'
- edit ok
+ edit fail



        </pre>
    </div>
    <!--css div popup end-->

    </td>
</tr>

<tr id='pt1.24' class='hiddenRow'>
    <td class='none'><div class='testcase'>test_dict_edit_1__</div></td>
    <td colspan='5' align='center'>pass</td>
</tr>

<tr id='ft1.25' class='none'>
    <td class='failCase'><div class='testcase'>test_dict_edit_2__</div></td>
    <td colspan='5' align='center'>

    <!--css div popup start-->
    <a class="popup_link" onfocus='this.blur();' href="javascript:showTestDetail('div_ft1.25')" >
        fail</a>

    <div id='div_ft1.25' class="popup_window">
        <div style='text-align: right; color:red;cursor:pointer'>
        <a onfocus='this.blur();' onclick="document.getElementById('div_ft1.25').style.display = 'none' " >
           [x]</a>
        </div>
        <pre>
        
ft1.25: Traceback (most recent call last):
  File "C:\python 3.7\lib\site-packages\parameterized\parameterized.py", line 518, in standalone_func
    return func(*(a + p.args), **p.kwargs)
  File "C:\Users\Administrator\PycharmProjects\woniuboss4.0\woniubossUIDDT\bin\systemtest.py", line 202, in test_dict_edit
    self.assertEqual(actual, expect)
AssertionError: 'edit ok' != 'edit faul'
- edit ok
+ edit faul

Traceback (most recent call last):
  File "C:\python 3.7\lib\site-packages\parameterized\parameterized.py", line 518, in standalone_func
    return func(*(a + p.args), **p.kwargs)
  File "C:\Users\Administrator\PycharmProjects\woniuboss4.0\woniubossUIDDT\bin\systemtest.py", line 202, in test_dict_edit
    self.assertEqual(actual, expect)
AssertionError: 'edit ok' != 'edit faul'
- edit ok
+ edit faul



        </pre>
    </div>
    <!--css div popup end-->

    </td>
</tr>

<tr id='ft1.26' class='none'>
    <td class='errorCase'><div class='testcase'>test_dict_edit_3_123</div></td>
    <td colspan='5' align='center'>

    <!--css div popup start-->
    <a class="popup_link" onfocus='this.blur();' href="javascript:showTestDetail('div_ft1.26')" >
        error</a>

    <div id='div_ft1.26' class="popup_window">
        <div style='text-align: right; color:red;cursor:pointer'>
        <a onfocus='this.blur();' onclick="document.getElementById('div_ft1.26').style.display = 'none' " >
           [x]</a>
        </div>
        <pre>
        
ft1.26: Traceback (most recent call last):
  File "C:\python 3.7\lib\site-packages\parameterized\parameterized.py", line 518, in standalone_func
    return func(*(a + p.args), **p.kwargs)
  File "C:\Users\Administrator\PycharmProjects\woniuboss4.0\woniubossUIDDT\bin\systemtest.py", line 196, in test_dict_edit
    Use_manage().do_dict_edit(self.driver, edit_info)
  File "C:\Users\Administrator\PycharmProjects\woniuboss4.0\woniubossUIDDT\lib\system_manage.py", line 316, in do_dict_edit
    self.click_system(driver)
  File "C:\Users\Administrator\PycharmProjects\woniuboss4.0\woniubossUIDDT\lib\system_manage.py", line 13, in click_system
    ele = driver.find_element_by_partial_link_text('系统管理')
  File "C:\python 3.7\lib\site-packages\selenium\webdriver\remote\webdriver.py", line 462, in find_element_by_partial_link_text
    return self.find_element(by=By.PARTIAL_LINK_TEXT, value=link_text)
  File "C:\python 3.7\lib\site-packages\selenium\webdriver\remote\webdriver.py", line 978, in find_element
    'value': value})['value']
  File "C:\python 3.7\lib\site-packages\selenium\webdriver\remote\webdriver.py", line 321, in execute
    self.error_handler.check_response(response)
  File "C:\python 3.7\lib\site-packages\selenium\webdriver\remote\errorhandler.py", line 242, in check_response
    raise exception_class(message, screen, stacktrace)
selenium.common.exceptions.NoSuchElementException: Message: Unable to locate element: 系统管理

Traceback (most recent call last):
  File "C:\python 3.7\lib\site-packages\parameterized\parameterized.py", line 518, in standalone_func
    return func(*(a + p.args), **p.kwargs)
  File "C:\Users\Administrator\PycharmProjects\woniuboss4.0\woniubossUIDDT\bin\systemtest.py", line 196, in test_dict_edit
    Use_manage().do_dict_edit(self.driver, edit_info)
  File "C:\Users\Administrator\PycharmProjects\woniuboss4.0\woniubossUIDDT\lib\system_manage.py", line 316, in do_dict_edit
    self.click_system(driver)
  File "C:\Users\Administrator\PycharmProjects\woniuboss4.0\woniubossUIDDT\lib\system_manage.py", line 13, in click_system
    ele = driver.find_element_by_partial_link_text('系统管理')
  File "C:\python 3.7\lib\site-packages\selenium\webdriver\remote\webdriver.py", line 462, in find_element_by_partial_link_text
    return self.find_element(by=By.PARTIAL_LINK_TEXT, value=link_text)
  File "C:\python 3.7\lib\site-packages\selenium\webdriver\remote\webdriver.py", line 978, in find_element
    'value': value})['value']
  File "C:\python 3.7\lib\site-packages\selenium\webdriver\remote\webdriver.py", line 321, in execute
    self.error_handler.check_response(response)
  File "C:\python 3.7\lib\site-packages\selenium\webdriver\remote\errorhandler.py", line 242, in check_response
    raise exception_class(message, screen, stacktrace)
selenium.common.exceptions.NoSuchElementException: Message: Unable to locate element: 系统管理



        </pre>
    </div>
    <!--css div popup end-->

    </td>
</tr>

<tr id='ft1.27' class='none'>
    <td class='failCase'><div class='testcase'>test_dict_edit_4_null</div></td>
    <td colspan='5' align='center'>

    <!--css div popup start-->
    <a class="popup_link" onfocus='this.blur();' href="javascript:showTestDetail('div_ft1.27')" >
        fail</a>

    <div id='div_ft1.27' class="popup_window">
        <div style='text-align: right; color:red;cursor:pointer'>
        <a onfocus='this.blur();' onclick="document.getElementById('div_ft1.27').style.display = 'none' " >
           [x]</a>
        </div>
        <pre>
        
ft1.27: Traceback (most recent call last):
  File "C:\python 3.7\lib\site-packages\parameterized\parameterized.py", line 518, in standalone_func
    return func(*(a + p.args), **p.kwargs)
  File "C:\Users\Administrator\PycharmProjects\woniuboss4.0\woniubossUIDDT\bin\systemtest.py", line 202, in test_dict_edit
    self.assertEqual(actual, expect)
AssertionError: 'edit ok' != 'edit fail'
- edit ok
+ edit fail

Traceback (most recent call last):
  File "C:\python 3.7\lib\site-packages\parameterized\parameterized.py", line 518, in standalone_func
    return func(*(a + p.args), **p.kwargs)
  File "C:\Users\Administrator\PycharmProjects\woniuboss4.0\woniubossUIDDT\bin\systemtest.py", line 202, in test_dict_edit
    self.assertEqual(actual, expect)
AssertionError: 'edit ok' != 'edit fail'
- edit ok
+ edit fail



        </pre>
    </div>
    <!--css div popup end-->

    </td>
</tr>

<tr id='pt1.28' class='hiddenRow'>
    <td class='none'><div class='testcase'>test_editRole_0__</div></td>
    <td colspan='5' align='center'>pass</td>
</tr>

<tr id='ft1.29' class='none'>
    <td class='failCase'><div class='testcase'>test_editRole_1_</div></td>
    <td colspan='5' align='center'>

    <!--css div popup start-->
    <a class="popup_link" onfocus='this.blur();' href="javascript:showTestDetail('div_ft1.29')" >
        fail</a>

    <div id='div_ft1.29' class="popup_window">
        <div style='text-align: right; color:red;cursor:pointer'>
        <a onfocus='this.blur();' onclick="document.getElementById('div_ft1.29').style.display = 'none' " >
           [x]</a>
        </div>
        <pre>
        
ft1.29: Traceback (most recent call last):
  File "C:\python 3.7\lib\site-packages\parameterized\parameterized.py", line 518, in standalone_func
    return func(*(a + p.args), **p.kwargs)
  File "C:\Users\Administrator\PycharmProjects\woniuboss4.0\woniubossUIDDT\bin\systemtest.py", line 131, in test_editRole
    self.assertEqual(actual, expect)
AssertionError: 'edit ok' != 'edit fail'
- edit ok
+ edit fail

Traceback (most recent call last):
  File "C:\python 3.7\lib\site-packages\parameterized\parameterized.py", line 518, in standalone_func
    return func(*(a + p.args), **p.kwargs)
  File "C:\Users\Administrator\PycharmProjects\woniuboss4.0\woniubossUIDDT\bin\systemtest.py", line 131, in test_editRole
    self.assertEqual(actual, expect)
AssertionError: 'edit ok' != 'edit fail'
- edit ok
+ edit fail



        </pre>
    </div>
    <!--css div popup end-->

    </td>
</tr>

<tr id='ft1.30' class='none'>
    <td class='failCase'><div class='testcase'>test_editRole_2_null</div></td>
    <td colspan='5' align='center'>

    <!--css div popup start-->
    <a class="popup_link" onfocus='this.blur();' href="javascript:showTestDetail('div_ft1.30')" >
        fail</a>

    <div id='div_ft1.30' class="popup_window">
        <div style='text-align: right; color:red;cursor:pointer'>
        <a onfocus='this.blur();' onclick="document.getElementById('div_ft1.30').style.display = 'none' " >
           [x]</a>
        </div>
        <pre>
        
ft1.30: Traceback (most recent call last):
  File "C:\python 3.7\lib\site-packages\parameterized\parameterized.py", line 518, in standalone_func
    return func(*(a + p.args), **p.kwargs)
  File "C:\Users\Administrator\PycharmProjects\woniuboss4.0\woniubossUIDDT\bin\systemtest.py", line 131, in test_editRole
    self.assertEqual(actual, expect)
AssertionError: 'edit ok' != 'edit fail'
- edit ok
+ edit fail

Traceback (most recent call last):
  File "C:\python 3.7\lib\site-packages\parameterized\parameterized.py", line 518, in standalone_func
    return func(*(a + p.args), **p.kwargs)
  File "C:\Users\Administrator\PycharmProjects\woniuboss4.0\woniubossUIDDT\bin\systemtest.py", line 131, in test_editRole
    self.assertEqual(actual, expect)
AssertionError: 'edit ok' != 'edit fail'
- edit ok
+ edit fail



        </pre>
    </div>
    <!--css div popup end-->

    </td>
</tr>

<tr id='ft1.31' class='none'>
    <td class='failCase'><div class='testcase'>test_editRole_3__br_</div></td>
    <td colspan='5' align='center'>

    <!--css div popup start-->
    <a class="popup_link" onfocus='this.blur();' href="javascript:showTestDetail('div_ft1.31')" >
        fail</a>

    <div id='div_ft1.31' class="popup_window">
        <div style='text-align: right; color:red;cursor:pointer'>
        <a onfocus='this.blur();' onclick="document.getElementById('div_ft1.31').style.display = 'none' " >
           [x]</a>
        </div>
        <pre>
        
ft1.31: Traceback (most recent call last):
  File "C:\python 3.7\lib\site-packages\parameterized\parameterized.py", line 518, in standalone_func
    return func(*(a + p.args), **p.kwargs)
  File "C:\Users\Administrator\PycharmProjects\woniuboss4.0\woniubossUIDDT\bin\systemtest.py", line 131, in test_editRole
    self.assertEqual(actual, expect)
AssertionError: 'edit ok' != 'edit fail'
- edit ok
+ edit fail

Traceback (most recent call last):
  File "C:\python 3.7\lib\site-packages\parameterized\parameterized.py", line 518, in standalone_func
    return func(*(a + p.args), **p.kwargs)
  File "C:\Users\Administrator\PycharmProjects\woniuboss4.0\woniubossUIDDT\bin\systemtest.py", line 131, in test_editRole
    self.assertEqual(actual, expect)
AssertionError: 'edit ok' != 'edit fail'
- edit ok
+ edit fail



        </pre>
    </div>
    <!--css div popup end-->

    </td>
</tr>

<tr id='ft1.32' class='none'>
    <td class='failCase'><div class='testcase'>test_editRole_4__</div></td>
    <td colspan='5' align='center'>

    <!--css div popup start-->
    <a class="popup_link" onfocus='this.blur();' href="javascript:showTestDetail('div_ft1.32')" >
        fail</a>

    <div id='div_ft1.32' class="popup_window">
        <div style='text-align: right; color:red;cursor:pointer'>
        <a onfocus='this.blur();' onclick="document.getElementById('div_ft1.32').style.display = 'none' " >
           [x]</a>
        </div>
        <pre>
        
ft1.32: Traceback (most recent call last):
  File "C:\python 3.7\lib\site-packages\parameterized\parameterized.py", line 518, in standalone_func
    return func(*(a + p.args), **p.kwargs)
  File "C:\Users\Administrator\PycharmProjects\woniuboss4.0\woniubossUIDDT\bin\systemtest.py", line 131, in test_editRole
    self.assertEqual(actual, expect)
AssertionError: 'edit ok' != 'edit fail'
- edit ok
+ edit fail

Traceback (most recent call last):
  File "C:\python 3.7\lib\site-packages\parameterized\parameterized.py", line 518, in standalone_func
    return func(*(a + p.args), **p.kwargs)
  File "C:\Users\Administrator\PycharmProjects\woniuboss4.0\woniubossUIDDT\bin\systemtest.py", line 131, in test_editRole
    self.assertEqual(actual, expect)
AssertionError: 'edit ok' != 'edit fail'
- edit ok
+ edit fail



        </pre>
    </div>
    <!--css div popup end-->

    </td>
</tr>

<tr id='pt1.33' class='hiddenRow'>
    <td class='none'><div class='testcase'>test_edit_0_0</div></td>
    <td colspan='5' align='center'>pass</td>
</tr>

<tr id='pt1.34' class='hiddenRow'>
    <td class='none'><div class='testcase'>test_edit_1_1</div></td>
    <td colspan='5' align='center'>pass</td>
</tr>

<tr id='pt1.35' class='hiddenRow'>
    <td class='none'><div class='testcase'>test_edit_2_2</div></td>
    <td colspan='5' align='center'>pass</td>
</tr>

<tr id='pt1.36' class='hiddenRow'>
    <td class='none'><div class='testcase'>test_edit_3_1</div></td>
    <td colspan='5' align='center'>pass</td>
</tr>

<tr id='pt1.37' class='hiddenRow'>
    <td class='none'><div class='testcase'>test_edit_4_2</div></td>
    <td colspan='5' align='center'>pass</td>
</tr>

<tr id='pt1.38' class='hiddenRow'>
    <td class='none'><div class='testcase'>test_edit_5_0</div></td>
    <td colspan='5' align='center'>pass</td>
</tr>

<tr id='pt1.39' class='hiddenRow'>
    <td class='none'><div class='testcase'>test_meniu_0_2</div></td>
    <td colspan='5' align='center'>pass</td>
</tr>

<tr id='ft1.40' class='none'>
    <td class='errorCase'><div class='testcase'>test_meniu_1_4</div></td>
    <td colspan='5' align='center'>

    <!--css div popup start-->
    <a class="popup_link" onfocus='this.blur();' href="javascript:showTestDetail('div_ft1.40')" >
        error</a>

    <div id='div_ft1.40' class="popup_window">
        <div style='text-align: right; color:red;cursor:pointer'>
        <a onfocus='this.blur();' onclick="document.getElementById('div_ft1.40').style.display = 'none' " >
           [x]</a>
        </div>
        <pre>
        
ft1.40: Traceback (most recent call last):
  File "C:\python 3.7\lib\site-packages\parameterized\parameterized.py", line 518, in standalone_func
    return func(*(a + p.args), **p.kwargs)
  File "C:\Users\Administrator\PycharmProjects\woniuboss4.0\woniubossUIDDT\bin\systemtest.py", line 136, in test_meniu
    Use_manage().do_meniu_edit(self.driver, edit_info)
  File "C:\Users\Administrator\PycharmProjects\woniuboss4.0\woniubossUIDDT\lib\system_manage.py", line 218, in do_meniu_edit
    self.click_system(driver)
  File "C:\Users\Administrator\PycharmProjects\woniuboss4.0\woniubossUIDDT\lib\system_manage.py", line 13, in click_system
    ele = driver.find_element_by_partial_link_text('系统管理')
  File "C:\python 3.7\lib\site-packages\selenium\webdriver\remote\webdriver.py", line 462, in find_element_by_partial_link_text
    return self.find_element(by=By.PARTIAL_LINK_TEXT, value=link_text)
  File "C:\python 3.7\lib\site-packages\selenium\webdriver\remote\webdriver.py", line 978, in find_element
    'value': value})['value']
  File "C:\python 3.7\lib\site-packages\selenium\webdriver\remote\webdriver.py", line 321, in execute
    self.error_handler.check_response(response)
  File "C:\python 3.7\lib\site-packages\selenium\webdriver\remote\errorhandler.py", line 242, in check_response
    raise exception_class(message, screen, stacktrace)
selenium.common.exceptions.NoSuchElementException: Message: Unable to locate element: 系统管理

Traceback (most recent call last):
  File "C:\python 3.7\lib\site-packages\parameterized\parameterized.py", line 518, in standalone_func
    return func(*(a + p.args), **p.kwargs)
  File "C:\Users\Administrator\PycharmProjects\woniuboss4.0\woniubossUIDDT\bin\systemtest.py", line 136, in test_meniu
    Use_manage().do_meniu_edit(self.driver, edit_info)
  File "C:\Users\Administrator\PycharmProjects\woniuboss4.0\woniubossUIDDT\lib\system_manage.py", line 218, in do_meniu_edit
    self.click_system(driver)
  File "C:\Users\Administrator\PycharmProjects\woniuboss4.0\woniubossUIDDT\lib\system_manage.py", line 13, in click_system
    ele = driver.find_element_by_partial_link_text('系统管理')
  File "C:\python 3.7\lib\site-packages\selenium\webdriver\remote\webdriver.py", line 462, in find_element_by_partial_link_text
    return self.find_element(by=By.PARTIAL_LINK_TEXT, value=link_text)
  File "C:\python 3.7\lib\site-packages\selenium\webdriver\remote\webdriver.py", line 978, in find_element
    'value': value})['value']
  File "C:\python 3.7\lib\site-packages\selenium\webdriver\remote\webdriver.py", line 321, in execute
    self.error_handler.check_response(response)
  File "C:\python 3.7\lib\site-packages\selenium\webdriver\remote\errorhandler.py", line 242, in check_response
    raise exception_class(message, screen, stacktrace)
selenium.common.exceptions.NoSuchElementException: Message: Unable to locate element: 系统管理



        </pre>
    </div>
    <!--css div popup end-->

    </td>
</tr>

<tr id='pt1.41' class='hiddenRow'>
    <td class='none'><div class='testcase'>test_meniu_2_3</div></td>
    <td colspan='5' align='center'>pass</td>
</tr>

<tr id='pt1.42' class='hiddenRow'>
    <td class='none'><div class='testcase'>test_meniu_3_1</div></td>
    <td colspan='5' align='center'>pass</td>
</tr>

<tr id='ft1.43' class='none'>
    <td class='failCase'><div class='testcase'>test_query_0_</div></td>
    <td colspan='5' align='center'>

    <!--css div popup start-->
    <a class="popup_link" onfocus='this.blur();' href="javascript:showTestDetail('div_ft1.43')" >
        fail</a>

    <div id='div_ft1.43' class="popup_window">
        <div style='text-align: right; color:red;cursor:pointer'>
        <a onfocus='this.blur();' onclick="document.getElementById('div_ft1.43').style.display = 'none' " >
           [x]</a>
        </div>
        <pre>
        
ft1.43: Traceback (most recent call last):
  File "C:\python 3.7\lib\site-packages\parameterized\parameterized.py", line 518, in standalone_func
    return func(*(a + p.args), **p.kwargs)
  File "C:\Users\Administrator\PycharmProjects\woniuboss4.0\woniubossUIDDT\bin\systemtest.py", line 61, in test_query
    self.assertEqual(actual,expect)
AssertionError: 'query fail' != 'query ok'
- query fail
+ query ok

Traceback (most recent call last):
  File "C:\python 3.7\lib\site-packages\parameterized\parameterized.py", line 518, in standalone_func
    return func(*(a + p.args), **p.kwargs)
  File "C:\Users\Administrator\PycharmProjects\woniuboss4.0\woniubossUIDDT\bin\systemtest.py", line 61, in test_query
    self.assertEqual(actual,expect)
AssertionError: 'query fail' != 'query ok'
- query fail
+ query ok



        </pre>
    </div>
    <!--css div popup end-->

    </td>
</tr>

<tr id='pt1.44' class='hiddenRow'>
    <td class='none'><div class='testcase'>test_query_1__</div></td>
    <td colspan='5' align='center'>pass</td>
</tr>

<tr id='ft1.45' class='none'>
    <td class='failCase'><div class='testcase'>test_query_2_</div></td>
    <td colspan='5' align='center'>

    <!--css div popup start-->
    <a class="popup_link" onfocus='this.blur();' href="javascript:showTestDetail('div_ft1.45')" >
        fail</a>

    <div id='div_ft1.45' class="popup_window">
        <div style='text-align: right; color:red;cursor:pointer'>
        <a onfocus='this.blur();' onclick="document.getElementById('div_ft1.45').style.display = 'none' " >
           [x]</a>
        </div>
        <pre>
        
ft1.45: Traceback (most recent call last):
  File "C:\python 3.7\lib\site-packages\parameterized\parameterized.py", line 518, in standalone_func
    return func(*(a + p.args), **p.kwargs)
  File "C:\Users\Administrator\PycharmProjects\woniuboss4.0\woniubossUIDDT\bin\systemtest.py", line 61, in test_query
    self.assertEqual(actual,expect)
AssertionError: 'query fail' != 'query ok'
- query fail
+ query ok

Traceback (most recent call last):
  File "C:\python 3.7\lib\site-packages\parameterized\parameterized.py", line 518, in standalone_func
    return func(*(a + p.args), **p.kwargs)
  File "C:\Users\Administrator\PycharmProjects\woniuboss4.0\woniubossUIDDT\bin\systemtest.py", line 61, in test_query
    self.assertEqual(actual,expect)
AssertionError: 'query fail' != 'query ok'
- query fail
+ query ok



        </pre>
    </div>
    <!--css div popup end-->

    </td>
</tr>

<tr id='pt1.46' class='hiddenRow'>
    <td class='none'><div class='testcase'>test_query_3__</div></td>
    <td colspan='5' align='center'>pass</td>
</tr>

<tr id='pt1.47' class='hiddenRow'>
    <td class='none'><div class='testcase'>test_query_4__</div></td>
    <td colspan='5' align='center'>pass</td>
</tr>

<tr id='pt1.48' class='hiddenRow'>
    <td class='none'><div class='testcase'>test_query_5__</div></td>
    <td colspan='5' align='center'>pass</td>
</tr>

<tr id='pt1.49' class='hiddenRow'>
    <td class='none'><div class='testcase'>test_query_6_Null</div></td>
    <td colspan='5' align='center'>pass</td>
</tr>

<tr id='pt1.50' class='hiddenRow'>
    <td class='none'><div class='testcase'>test_query_7__</div></td>
    <td colspan='5' align='center'>pass</td>
</tr>

<tr id='ft1.51' class='none'>
    <td class='failCase'><div class='testcase'>test_reset_0_0</div></td>
    <td colspan='5' align='center'>

    <!--css div popup start-->
    <a class="popup_link" onfocus='this.blur();' href="javascript:showTestDetail('div_ft1.51')" >
        fail</a>

    <div id='div_ft1.51' class="popup_window">
        <div style='text-align: right; color:red;cursor:pointer'>
        <a onfocus='this.blur();' onclick="document.getElementById('div_ft1.51').style.display = 'none' " >
           [x]</a>
        </div>
        <pre>
        
ft1.51: Traceback (most recent call last):
  File "C:\python 3.7\lib\site-packages\parameterized\parameterized.py", line 518, in standalone_func
    return func(*(a + p.args), **p.kwargs)
  File "C:\Users\Administrator\PycharmProjects\woniuboss4.0\woniubossUIDDT\bin\systemtest.py", line 83, in test_reset
    self.assertEqual(actual, expect)
AssertionError: 'reset ok' != 'reset fail'
- reset ok
+ reset fail

Traceback (most recent call last):
  File "C:\python 3.7\lib\site-packages\parameterized\parameterized.py", line 518, in standalone_func
    return func(*(a + p.args), **p.kwargs)
  File "C:\Users\Administrator\PycharmProjects\woniuboss4.0\woniubossUIDDT\bin\systemtest.py", line 83, in test_reset
    self.assertEqual(actual, expect)
AssertionError: 'reset ok' != 'reset fail'
- reset ok
+ reset fail



        </pre>
    </div>
    <!--css div popup end-->

    </td>
</tr>

<tr id='ft1.52' class='none'>
    <td class='failCase'><div class='testcase'>test_reset_1_1</div></td>
    <td colspan='5' align='center'>

    <!--css div popup start-->
    <a class="popup_link" onfocus='this.blur();' href="javascript:showTestDetail('div_ft1.52')" >
        fail</a>

    <div id='div_ft1.52' class="popup_window">
        <div style='text-align: right; color:red;cursor:pointer'>
        <a onfocus='this.blur();' onclick="document.getElementById('div_ft1.52').style.display = 'none' " >
           [x]</a>
        </div>
        <pre>
        
ft1.52: Traceback (most recent call last):
  File "C:\python 3.7\lib\site-packages\parameterized\parameterized.py", line 518, in standalone_func
    return func(*(a + p.args), **p.kwargs)
  File "C:\Users\Administrator\PycharmProjects\woniuboss4.0\woniubossUIDDT\bin\systemtest.py", line 83, in test_reset
    self.assertEqual(actual, expect)
AssertionError: 'reset ok' != 'reset fail'
- reset ok
+ reset fail

Traceback (most recent call last):
  File "C:\python 3.7\lib\site-packages\parameterized\parameterized.py", line 518, in standalone_func
    return func(*(a + p.args), **p.kwargs)
  File "C:\Users\Administrator\PycharmProjects\woniuboss4.0\woniubossUIDDT\bin\systemtest.py", line 83, in test_reset
    self.assertEqual(actual, expect)
AssertionError: 'reset ok' != 'reset fail'
- reset ok
+ reset fail



        </pre>
    </div>
    <!--css div popup end-->

    </td>
</tr>

<tr id='pt1.53' class='hiddenRow'>
    <td class='none'><div class='testcase'>test_reset_2_0</div></td>
    <td colspan='5' align='center'>pass</td>
</tr>

<tr id='pt1.54' class='hiddenRow'>
    <td class='none'><div class='testcase'>test_reset_3_1</div></td>
    <td colspan='5' align='center'>pass</td>
</tr>

<tr id='ft1.55' class='none'>
    <td class='errorCase'><div class='testcase'>test_roleQuery_0_</div></td>
    <td colspan='5' align='center'>

    <!--css div popup start-->
    <a class="popup_link" onfocus='this.blur();' href="javascript:showTestDetail('div_ft1.55')" >
        error</a>

    <div id='div_ft1.55' class="popup_window">
        <div style='text-align: right; color:red;cursor:pointer'>
        <a onfocus='this.blur();' onclick="document.getElementById('div_ft1.55').style.display = 'none' " >
           [x]</a>
        </div>
        <pre>
        
ft1.55: Traceback (most recent call last):
  File "C:\python 3.7\lib\site-packages\parameterized\parameterized.py", line 518, in standalone_func
    return func(*(a + p.args), **p.kwargs)
  File "C:\Users\Administrator\PycharmProjects\woniuboss4.0\woniubossUIDDT\bin\systemtest.py", line 88, in test_roleQuery
    Use_manage().do_role_query(self.driver, role_info)
  File "C:\Users\Administrator\PycharmProjects\woniuboss4.0\woniubossUIDDT\lib\system_manage.py", line 115, in do_role_query
    self.click_system(driver)
  File "C:\Users\Administrator\PycharmProjects\woniuboss4.0\woniubossUIDDT\lib\system_manage.py", line 13, in click_system
    ele = driver.find_element_by_partial_link_text('系统管理')
  File "C:\python 3.7\lib\site-packages\selenium\webdriver\remote\webdriver.py", line 462, in find_element_by_partial_link_text
    return self.find_element(by=By.PARTIAL_LINK_TEXT, value=link_text)
  File "C:\python 3.7\lib\site-packages\selenium\webdriver\remote\webdriver.py", line 978, in find_element
    'value': value})['value']
  File "C:\python 3.7\lib\site-packages\selenium\webdriver\remote\webdriver.py", line 321, in execute
    self.error_handler.check_response(response)
  File "C:\python 3.7\lib\site-packages\selenium\webdriver\remote\errorhandler.py", line 242, in check_response
    raise exception_class(message, screen, stacktrace)
selenium.common.exceptions.NoSuchElementException: Message: Unable to locate element: 系统管理

Traceback (most recent call last):
  File "C:\python 3.7\lib\site-packages\parameterized\parameterized.py", line 518, in standalone_func
    return func(*(a + p.args), **p.kwargs)
  File "C:\Users\Administrator\PycharmProjects\woniuboss4.0\woniubossUIDDT\bin\systemtest.py", line 88, in test_roleQuery
    Use_manage().do_role_query(self.driver, role_info)
  File "C:\Users\Administrator\PycharmProjects\woniuboss4.0\woniubossUIDDT\lib\system_manage.py", line 115, in do_role_query
    self.click_system(driver)
  File "C:\Users\Administrator\PycharmProjects\woniuboss4.0\woniubossUIDDT\lib\system_manage.py", line 13, in click_system
    ele = driver.find_element_by_partial_link_text('系统管理')
  File "C:\python 3.7\lib\site-packages\selenium\webdriver\remote\webdriver.py", line 462, in find_element_by_partial_link_text
    return self.find_element(by=By.PARTIAL_LINK_TEXT, value=link_text)
  File "C:\python 3.7\lib\site-packages\selenium\webdriver\remote\webdriver.py", line 978, in find_element
    'value': value})['value']
  File "C:\python 3.7\lib\site-packages\selenium\webdriver\remote\webdriver.py", line 321, in execute
    self.error_handler.check_response(response)
  File "C:\python 3.7\lib\site-packages\selenium\webdriver\remote\errorhandler.py", line 242, in check_response
    raise exception_class(message, screen, stacktrace)
selenium.common.exceptions.NoSuchElementException: Message: Unable to locate element: 系统管理



        </pre>
    </div>
    <!--css div popup end-->

    </td>
</tr>

<tr id='pt1.56' class='hiddenRow'>
    <td class='none'><div class='testcase'>test_roleQuery_1__br_</div></td>
    <td colspan='5' align='center'>pass</td>
</tr>

<tr id='pt1.57' class='hiddenRow'>
    <td class='none'><div class='testcase'>test_roleQuery_2_Null</div></td>
    <td colspan='5' align='center'>pass</td>
</tr>

<tr id='pt1.58' class='hiddenRow'>
    <td class='none'><div class='testcase'>test_roleQuery_3__</div></td>
    <td colspan='5' align='center'>pass</td>
</tr>

<tr id='ft1.59' class='none'>
    <td class='failCase'><div class='testcase'>test_roleQuery_4_boss_</div></td>
    <td colspan='5' align='center'>

    <!--css div popup start-->
    <a class="popup_link" onfocus='this.blur();' href="javascript:showTestDetail('div_ft1.59')" >
        fail</a>

    <div id='div_ft1.59' class="popup_window">
        <div style='text-align: right; color:red;cursor:pointer'>
        <a onfocus='this.blur();' onclick="document.getElementById('div_ft1.59').style.display = 'none' " >
           [x]</a>
        </div>
        <pre>
        
ft1.59: Traceback (most recent call last):
  File "C:\python 3.7\lib\site-packages\parameterized\parameterized.py", line 518, in standalone_func
    return func(*(a + p.args), **p.kwargs)
  File "C:\Users\Administrator\PycharmProjects\woniuboss4.0\woniubossUIDDT\bin\systemtest.py", line 106, in test_roleQuery
    self.assertEqual(actual, expect)
AssertionError: 'query fail' != 'query ok'
- query fail
+ query ok

Traceback (most recent call last):
  File "C:\python 3.7\lib\site-packages\parameterized\parameterized.py", line 518, in standalone_func
    return func(*(a + p.args), **p.kwargs)
  File "C:\Users\Administrator\PycharmProjects\woniuboss4.0\woniubossUIDDT\bin\systemtest.py", line 106, in test_roleQuery
    self.assertEqual(actual, expect)
AssertionError: 'query fail' != 'query ok'
- query fail
+ query ok



        </pre>
    </div>
    <!--css div popup end-->

    </td>
</tr>

<tr id='pt1.60' class='hiddenRow'>
    <td class='none'><div class='testcase'>test_roleQuery_5__</div></td>
    <td colspan='5' align='center'>pass</td>
</tr>

<tr id='total_row'>
    <td>Total</td>
    <td>60</td>
    <td>34</td>
    <td>21</td>
    <td>5</td>
    <td>&nbsp;</td>
</tr>
</table>

<div id='ending'>&nbsp;</div>

</body>
</html>
